This file contains any messages produced by compilers while
running configure, to aid debugging if configure makes a mistake.

It was created by SystemC configure 2.3.3, which was
generated by GNU Autoconf 2.69.  Invocation command line was

  $ ../configure --prefix=/usr/local/systemc-2.3.3/

## --------- ##
## Platform. ##
## --------- ##

hostname = louis-VivoBook-ASUSLaptop-X509DA-M509DA
uname -m = x86_64
uname -r = 5.13.0-28-generic
uname -s = Linux
uname -v = #31~20.04.1-Ubuntu SMP Wed Jan 19 14:08:10 UTC 2022

/usr/bin/uname -p = x86_64
/bin/uname -X     = unknown

/bin/arch              = x86_64
/usr/bin/arch -k       = unknown
/usr/convex/getsysinfo = unknown
/usr/bin/hostinfo      = unknown
/bin/machine           = unknown
/usr/bin/oslevel       = unknown
/bin/universe          = unknown

PATH: /usr/local/sbin
PATH: /usr/local/bin
PATH: /usr/sbin
PATH: /usr/bin
PATH: /sbin
PATH: /bin
PATH: /snap/bin


## ----------- ##
## Core tests. ##
## ----------- ##

configure:2376: checking build system type
configure:2390: result: x86_64-unknown-linux-gnu
configure:2410: checking host system type
configure:2423: result: x86_64-unknown-linux-gnu
configure:2443: checking target system type
configure:2456: result: x86_64-unknown-linux-gnu
configure:2499: checking for a BSD-compatible install
configure:2567: result: /usr/bin/install -c
configure:2578: checking whether build environment is sane
configure:2633: result: yes
configure:2782: checking for a thread-safe mkdir -p
configure:2821: result: /usr/bin/mkdir -p
configure:2828: checking for gawk
configure:2858: result: no
configure:2828: checking for mawk
configure:2844: found /usr/bin/mawk
configure:2855: result: mawk
configure:2866: checking whether make sets $(MAKE)
configure:2888: result: yes
configure:2917: checking whether make supports nested variables
configure:2934: result: yes
configure:3004: checking how to create a pax tar archive
configure:3015: tar --version
tar (GNU tar) 1.30
Copyright (C) 2017 Free Software Foundation, Inc.
License GPLv3+: GNU GPL version 3 or later <https://gnu.org/licenses/gpl.html>.
This is free software: you are free to change and redistribute it.
There is NO WARRANTY, to the extent permitted by law.

Written by John Gilmore and Jay Fenlason.
configure:3018: $? = 0
configure:3058: tardir=conftest.dir && eval tar --format=posix -chf - "$tardir" >conftest.tar
configure:3061: $? = 0
configure:3065: tar -xf - <conftest.tar
configure:3068: $? = 0
configure:3070: cat conftest.dir/file
GrepMe
configure:3073: $? = 0
configure:3086: result: gnutar
configure:3147: checking whether make supports nested variables
configure:3164: result: yes
configure:3238: checking for g++
configure:3254: found /usr/bin/g++
configure:3265: result: g++
configure:3292: checking for C++ compiler version
configure:3301: g++ --version >&5
g++ (Ubuntu 9.3.0-17ubuntu1~20.04) 9.3.0
Copyright (C) 2019 Free Software Foundation, Inc.
This is free software; see the source for copying conditions.  There is NO
warranty; not even for MERCHANTABILITY or FITNESS FOR A PARTICULAR PURPOSE.

configure:3312: $? = 0
configure:3301: g++ -v >&5
Using built-in specs.
COLLECT_GCC=g++
COLLECT_LTO_WRAPPER=/usr/lib/gcc/x86_64-linux-gnu/9/lto-wrapper
OFFLOAD_TARGET_NAMES=nvptx-none:hsa
OFFLOAD_TARGET_DEFAULT=1
Target: x86_64-linux-gnu
Configured with: ../src/configure -v --with-pkgversion='Ubuntu 9.3.0-17ubuntu1~20.04' --with-bugurl=file:///usr/share/doc/gcc-9/README.Bugs --enable-languages=c,ada,c++,go,brig,d,fortran,objc,obj-c++,gm2 --prefix=/usr --with-gcc-major-version-only --program-suffix=-9 --program-prefix=x86_64-linux-gnu- --enable-shared --enable-linker-build-id --libexecdir=/usr/lib --without-included-gettext --enable-threads=posix --libdir=/usr/lib --enable-nls --enable-clocale=gnu --enable-libstdcxx-debug --enable-libstdcxx-time=yes --with-default-libstdcxx-abi=new --enable-gnu-unique-object --disable-vtable-verify --enable-plugin --enable-default-pie --with-system-zlib --with-target-system-zlib=auto --enable-objc-gc=auto --enable-multiarch --disable-werror --with-arch-32=i686 --with-abi=m64 --with-multilib-list=m32,m64,mx32 --enable-multilib --with-tune=generic --enable-offload-targets=nvptx-none=/build/gcc-9-HskZEa/gcc-9-9.3.0/debian/tmp-nvptx/usr,hsa --without-cuda-driver --enable-checking=release --build=x86_64-linux-gnu --host=x86_64-linux-gnu --target=x86_64-linux-gnu
Thread model: posix
gcc version 9.3.0 (Ubuntu 9.3.0-17ubuntu1~20.04) 
configure:3312: $? = 0
configure:3301: g++ -V >&5
g++: error: unrecognized command line option '-V'
g++: fatal error: no input files
compilation terminated.
configure:3312: $? = 1
configure:3301: g++ -qversion >&5
g++: error: unrecognized command line option '-qversion'; did you mean '--version'?
g++: fatal error: no input files
compilation terminated.
configure:3312: $? = 1
configure:3332: checking whether the C++ compiler works
configure:3354: g++    conftest.cpp  >&5
configure:3358: $? = 0
configure:3406: result: yes
configure:3409: checking for C++ compiler default output file name
configure:3411: result: a.out
configure:3417: checking for suffix of executables
configure:3424: g++ -o conftest    conftest.cpp  >&5
configure:3428: $? = 0
configure:3450: result: 
configure:3472: checking whether we are cross compiling
configure:3480: g++ -o conftest    conftest.cpp  >&5
configure:3484: $? = 0
configure:3491: ./conftest
configure:3495: $? = 0
configure:3483: result: no
configure:3488: checking for suffix of object files
configure:3510: g++ -c   conftest.cpp >&5
configure:3514: $? = 0
configure:3535: result: o
configure:3539: checking whether we are using the GNU C++ compiler
configure:3558: g++ -c   conftest.cpp >&5
configure:3558: $? = 0
configure:3567: result: yes
configure:3576: checking whether g++ accepts -g
configure:3596: g++ -c -g  conftest.cpp >&5
configure:3596: $? = 0
configure:3637: result: yes
configure:3671: checking for style of include used by make
configure:3699: result: GNU
configure:3725: checking dependency style of g++
configure:3836: result: gcc3
configure:3855: checking whether we are using a Clang/LLVM C++ compiler
configure:3881: g++ -c   conftest.cpp >&5
conftest.cpp: In function 'int main()':
conftest.cpp:15:5: error: 'clang' was not declared in this scope
   15 | not clang
      |     ^~~~~
configure:3881: $? = 1
configure: failed program was:
| /* confdefs.h */
| #define PACKAGE_NAME "SystemC"
| #define PACKAGE_TARNAME "systemc"
| #define PACKAGE_VERSION "2.3.3"
| #define PACKAGE_STRING "SystemC 2.3.3"
| #define PACKAGE_BUGREPORT "http://forums.accellera.org/forum/9-systemc/"
| #define PACKAGE_URL "http://accellera.org/"
| /* end confdefs.h.  */
| 
| int
| main ()
| {
| 
| #ifndef __clang__
| not clang
| #endif
| 
|   ;
|   return 0;
| }
configure:3894: result: no
configure:3946: checking for gcc
configure:3973: result: g++
configure:4202: checking for C compiler version
configure:4211: g++ --version >&5
g++ (Ubuntu 9.3.0-17ubuntu1~20.04) 9.3.0
Copyright (C) 2019 Free Software Foundation, Inc.
This is free software; see the source for copying conditions.  There is NO
warranty; not even for MERCHANTABILITY or FITNESS FOR A PARTICULAR PURPOSE.

configure:4222: $? = 0
configure:4211: g++ -v >&5
Using built-in specs.
COLLECT_GCC=g++
COLLECT_LTO_WRAPPER=/usr/lib/gcc/x86_64-linux-gnu/9/lto-wrapper
OFFLOAD_TARGET_NAMES=nvptx-none:hsa
OFFLOAD_TARGET_DEFAULT=1
Target: x86_64-linux-gnu
Configured with: ../src/configure -v --with-pkgversion='Ubuntu 9.3.0-17ubuntu1~20.04' --with-bugurl=file:///usr/share/doc/gcc-9/README.Bugs --enable-languages=c,ada,c++,go,brig,d,fortran,objc,obj-c++,gm2 --prefix=/usr --with-gcc-major-version-only --program-suffix=-9 --program-prefix=x86_64-linux-gnu- --enable-shared --enable-linker-build-id --libexecdir=/usr/lib --without-included-gettext --enable-threads=posix --libdir=/usr/lib --enable-nls --enable-clocale=gnu --enable-libstdcxx-debug --enable-libstdcxx-time=yes --with-default-libstdcxx-abi=new --enable-gnu-unique-object --disable-vtable-verify --enable-plugin --enable-default-pie --with-system-zlib --with-target-system-zlib=auto --enable-objc-gc=auto --enable-multiarch --disable-werror --with-arch-32=i686 --with-abi=m64 --with-multilib-list=m32,m64,mx32 --enable-multilib --with-tune=generic --enable-offload-targets=nvptx-none=/build/gcc-9-HskZEa/gcc-9-9.3.0/debian/tmp-nvptx/usr,hsa --without-cuda-driver --enable-checking=release --build=x86_64-linux-gnu --host=x86_64-linux-gnu --target=x86_64-linux-gnu
Thread model: posix
gcc version 9.3.0 (Ubuntu 9.3.0-17ubuntu1~20.04) 
configure:4222: $? = 0
configure:4211: g++ -V >&5
g++: error: unrecognized command line option '-V'
g++: fatal error: no input files
compilation terminated.
configure:4222: $? = 1
configure:4211: g++ -qversion >&5
g++: error: unrecognized command line option '-qversion'; did you mean '--version'?
g++: fatal error: no input files
compilation terminated.
configure:4222: $? = 1
configure:4226: checking whether we are using the GNU C compiler
configure:4245: g++ -c   conftest.c >&5
configure:4245: $? = 0
configure:4254: result: yes
configure:4263: checking whether g++ accepts -g
configure:4283: g++ -c -g  conftest.c >&5
configure:4283: $? = 0
configure:4324: result: yes
configure:4341: checking for g++ option to accept ISO C89
configure:4404: g++  -c   conftest.c >&5
conftest.c:15:17: error: 'p' was not declared in this scope
   15 | static char *e (p, i)
      |                 ^
conftest.c:15:20: error: 'i' was not declared in this scope
   15 | static char *e (p, i)
      |                    ^
conftest.c:15:21: error: expression list treated as compound expression in initializer [-fpermissive]
   15 | static char *e (p, i)
      |                     ^
conftest.c:18:1: error: expected unqualified-id before '{' token
   18 | {
      | ^
conftest.c: In function 'int main()':
conftest.c:54:11: error: cannot convert 'char*' to 'char* (*)(char**, int)'
   54 | return f (e, argv, 0) != argv[0]  ||  f (e, argv, 1) != argv[1];
      |           ^
      |           |
      |           char*
conftest.c:21:26: note:   initializing argument 1 of 'char* f(char* (*)(char**, int), char**, ...)'
   21 | static char *f (char * (*g) (char **, int), char **p, ...)
      |                 ~~~~~~~~~^~~~~~~~~~~~~~~~~
conftest.c:54:42: error: cannot convert 'char*' to 'char* (*)(char**, int)'
   54 | return f (e, argv, 0) != argv[0]  ||  f (e, argv, 1) != argv[1];
      |                                          ^
      |                                          |
      |                                          char*
conftest.c:21:26: note:   initializing argument 1 of 'char* f(char* (*)(char**, int), char**, ...)'
   21 | static char *f (char * (*g) (char **, int), char **p, ...)
      |                 ~~~~~~~~~^~~~~~~~~~~~~~~~~
configure:4404: $? = 1
configure: failed program was:
| /* confdefs.h */
| #define PACKAGE_NAME "SystemC"
| #define PACKAGE_TARNAME "systemc"
| #define PACKAGE_VERSION "2.3.3"
| #define PACKAGE_STRING "SystemC 2.3.3"
| #define PACKAGE_BUGREPORT "http://forums.accellera.org/forum/9-systemc/"
| #define PACKAGE_URL "http://accellera.org/"
| /* end confdefs.h.  */
| #include <stdarg.h>
| #include <stdio.h>
| struct stat;
| /* Most of the following tests are stolen from RCS 5.7's src/conf.sh.  */
| struct buf { int x; };
| FILE * (*rcsopen) (struct buf *, struct stat *, int);
| static char *e (p, i)
|      char **p;
|      int i;
| {
|   return p[i];
| }
| static char *f (char * (*g) (char **, int), char **p, ...)
| {
|   char *s;
|   va_list v;
|   va_start (v,p);
|   s = g (p, va_arg (v,int));
|   va_end (v);
|   return s;
| }
| 
| /* OSF 4.0 Compaq cc is some sort of almost-ANSI by default.  It has
|    function prototypes and stuff, but not '\xHH' hex character constants.
|    These don't provoke an error unfortunately, instead are silently treated
|    as 'x'.  The following induces an error, until -std is added to get
|    proper ANSI mode.  Curiously '\x00'!='x' always comes out true, for an
|    array size at least.  It's necessary to write '\x00'==0 to get something
|    that's true only with -std.  */
| int osf4_cc_array ['\x00' == 0 ? 1 : -1];
| 
| /* IBM C 6 for AIX is almost-ANSI by default, but it replaces macro parameters
|    inside strings and character constants.  */
| #define FOO(x) 'x'
| int xlc6_cc_array[FOO(a) == 'x' ? 1 : -1];
| 
| int test (int i, double x);
| struct s1 {int (*f) (int a);};
| struct s2 {int (*f) (double a);};
| int pairnames (int, char **, FILE *(*)(struct buf *, struct stat *, int), int, int);
| int argc;
| char **argv;
| int
| main ()
| {
| return f (e, argv, 0) != argv[0]  ||  f (e, argv, 1) != argv[1];
|   ;
|   return 0;
| }
configure:4404: g++ -qlanglvl=extc89 -c   conftest.c >&5
g++: error: unrecognized command line option '-qlanglvl=extc89'
configure:4404: $? = 1
configure: failed program was:
| /* confdefs.h */
| #define PACKAGE_NAME "SystemC"
| #define PACKAGE_TARNAME "systemc"
| #define PACKAGE_VERSION "2.3.3"
| #define PACKAGE_STRING "SystemC 2.3.3"
| #define PACKAGE_BUGREPORT "http://forums.accellera.org/forum/9-systemc/"
| #define PACKAGE_URL "http://accellera.org/"
| /* end confdefs.h.  */
| #include <stdarg.h>
| #include <stdio.h>
| struct stat;
| /* Most of the following tests are stolen from RCS 5.7's src/conf.sh.  */
| struct buf { int x; };
| FILE * (*rcsopen) (struct buf *, struct stat *, int);
| static char *e (p, i)
|      char **p;
|      int i;
| {
|   return p[i];
| }
| static char *f (char * (*g) (char **, int), char **p, ...)
| {
|   char *s;
|   va_list v;
|   va_start (v,p);
|   s = g (p, va_arg (v,int));
|   va_end (v);
|   return s;
| }
| 
| /* OSF 4.0 Compaq cc is some sort of almost-ANSI by default.  It has
|    function prototypes and stuff, but not '\xHH' hex character constants.
|    These don't provoke an error unfortunately, instead are silently treated
|    as 'x'.  The following induces an error, until -std is added to get
|    proper ANSI mode.  Curiously '\x00'!='x' always comes out true, for an
|    array size at least.  It's necessary to write '\x00'==0 to get something
|    that's true only with -std.  */
| int osf4_cc_array ['\x00' == 0 ? 1 : -1];
| 
| /* IBM C 6 for AIX is almost-ANSI by default, but it replaces macro parameters
|    inside strings and character constants.  */
| #define FOO(x) 'x'
| int xlc6_cc_array[FOO(a) == 'x' ? 1 : -1];
| 
| int test (int i, double x);
| struct s1 {int (*f) (int a);};
| struct s2 {int (*f) (double a);};
| int pairnames (int, char **, FILE *(*)(struct buf *, struct stat *, int), int, int);
| int argc;
| char **argv;
| int
| main ()
| {
| return f (e, argv, 0) != argv[0]  ||  f (e, argv, 1) != argv[1];
|   ;
|   return 0;
| }
configure:4404: g++ -qlanglvl=ansi -c   conftest.c >&5
g++: error: unrecognized command line option '-qlanglvl=ansi'
configure:4404: $? = 1
configure: failed program was:
| /* confdefs.h */
| #define PACKAGE_NAME "SystemC"
| #define PACKAGE_TARNAME "systemc"
| #define PACKAGE_VERSION "2.3.3"
| #define PACKAGE_STRING "SystemC 2.3.3"
| #define PACKAGE_BUGREPORT "http://forums.accellera.org/forum/9-systemc/"
| #define PACKAGE_URL "http://accellera.org/"
| /* end confdefs.h.  */
| #include <stdarg.h>
| #include <stdio.h>
| struct stat;
| /* Most of the following tests are stolen from RCS 5.7's src/conf.sh.  */
| struct buf { int x; };
| FILE * (*rcsopen) (struct buf *, struct stat *, int);
| static char *e (p, i)
|      char **p;
|      int i;
| {
|   return p[i];
| }
| static char *f (char * (*g) (char **, int), char **p, ...)
| {
|   char *s;
|   va_list v;
|   va_start (v,p);
|   s = g (p, va_arg (v,int));
|   va_end (v);
|   return s;
| }
| 
| /* OSF 4.0 Compaq cc is some sort of almost-ANSI by default.  It has
|    function prototypes and stuff, but not '\xHH' hex character constants.
|    These don't provoke an error unfortunately, instead are silently treated
|    as 'x'.  The following induces an error, until -std is added to get
|    proper ANSI mode.  Curiously '\x00'!='x' always comes out true, for an
|    array size at least.  It's necessary to write '\x00'==0 to get something
|    that's true only with -std.  */
| int osf4_cc_array ['\x00' == 0 ? 1 : -1];
| 
| /* IBM C 6 for AIX is almost-ANSI by default, but it replaces macro parameters
|    inside strings and character constants.  */
| #define FOO(x) 'x'
| int xlc6_cc_array[FOO(a) == 'x' ? 1 : -1];
| 
| int test (int i, double x);
| struct s1 {int (*f) (int a);};
| struct s2 {int (*f) (double a);};
| int pairnames (int, char **, FILE *(*)(struct buf *, struct stat *, int), int, int);
| int argc;
| char **argv;
| int
| main ()
| {
| return f (e, argv, 0) != argv[0]  ||  f (e, argv, 1) != argv[1];
|   ;
|   return 0;
| }
configure:4404: g++ -std -c   conftest.c >&5
g++: error: unrecognized command line option '-std'
configure:4404: $? = 1
configure: failed program was:
| /* confdefs.h */
| #define PACKAGE_NAME "SystemC"
| #define PACKAGE_TARNAME "systemc"
| #define PACKAGE_VERSION "2.3.3"
| #define PACKAGE_STRING "SystemC 2.3.3"
| #define PACKAGE_BUGREPORT "http://forums.accellera.org/forum/9-systemc/"
| #define PACKAGE_URL "http://accellera.org/"
| /* end confdefs.h.  */
| #include <stdarg.h>
| #include <stdio.h>
| struct stat;
| /* Most of the following tests are stolen from RCS 5.7's src/conf.sh.  */
| struct buf { int x; };
| FILE * (*rcsopen) (struct buf *, struct stat *, int);
| static char *e (p, i)
|      char **p;
|      int i;
| {
|   return p[i];
| }
| static char *f (char * (*g) (char **, int), char **p, ...)
| {
|   char *s;
|   va_list v;
|   va_start (v,p);
|   s = g (p, va_arg (v,int));
|   va_end (v);
|   return s;
| }
| 
| /* OSF 4.0 Compaq cc is some sort of almost-ANSI by default.  It has
|    function prototypes and stuff, but not '\xHH' hex character constants.
|    These don't provoke an error unfortunately, instead are silently treated
|    as 'x'.  The following induces an error, until -std is added to get
|    proper ANSI mode.  Curiously '\x00'!='x' always comes out true, for an
|    array size at least.  It's necessary to write '\x00'==0 to get something
|    that's true only with -std.  */
| int osf4_cc_array ['\x00' == 0 ? 1 : -1];
| 
| /* IBM C 6 for AIX is almost-ANSI by default, but it replaces macro parameters
|    inside strings and character constants.  */
| #define FOO(x) 'x'
| int xlc6_cc_array[FOO(a) == 'x' ? 1 : -1];
| 
| int test (int i, double x);
| struct s1 {int (*f) (int a);};
| struct s2 {int (*f) (double a);};
| int pairnames (int, char **, FILE *(*)(struct buf *, struct stat *, int), int, int);
| int argc;
| char **argv;
| int
| main ()
| {
| return f (e, argv, 0) != argv[0]  ||  f (e, argv, 1) != argv[1];
|   ;
|   return 0;
| }
configure:4404: g++ -Ae -c   conftest.c >&5
<command-line>: error: missing '(' after predicate
conftest.c:15:17: error: 'p' was not declared in this scope
   15 | static char *e (p, i)
      |                 ^
conftest.c:15:20: error: 'i' was not declared in this scope
   15 | static char *e (p, i)
      |                    ^
conftest.c:15:21: error: expression list treated as compound expression in initializer [-fpermissive]
   15 | static char *e (p, i)
      |                     ^
conftest.c:18:1: error: expected unqualified-id before '{' token
   18 | {
      | ^
conftest.c: In function 'int main()':
conftest.c:54:11: error: cannot convert 'char*' to 'char* (*)(char**, int)'
   54 | return f (e, argv, 0) != argv[0]  ||  f (e, argv, 1) != argv[1];
      |           ^
      |           |
      |           char*
conftest.c:21:26: note:   initializing argument 1 of 'char* f(char* (*)(char**, int), char**, ...)'
   21 | static char *f (char * (*g) (char **, int), char **p, ...)
      |                 ~~~~~~~~~^~~~~~~~~~~~~~~~~
conftest.c:54:42: error: cannot convert 'char*' to 'char* (*)(char**, int)'
   54 | return f (e, argv, 0) != argv[0]  ||  f (e, argv, 1) != argv[1];
      |                                          ^
      |                                          |
      |                                          char*
conftest.c:21:26: note:   initializing argument 1 of 'char* f(char* (*)(char**, int), char**, ...)'
   21 | static char *f (char * (*g) (char **, int), char **p, ...)
      |                 ~~~~~~~~~^~~~~~~~~~~~~~~~~
configure:4404: $? = 1
configure: failed program was:
| /* confdefs.h */
| #define PACKAGE_NAME "SystemC"
| #define PACKAGE_TARNAME "systemc"
| #define PACKAGE_VERSION "2.3.3"
| #define PACKAGE_STRING "SystemC 2.3.3"
| #define PACKAGE_BUGREPORT "http://forums.accellera.org/forum/9-systemc/"
| #define PACKAGE_URL "http://accellera.org/"
| /* end confdefs.h.  */
| #include <stdarg.h>
| #include <stdio.h>
| struct stat;
| /* Most of the following tests are stolen from RCS 5.7's src/conf.sh.  */
| struct buf { int x; };
| FILE * (*rcsopen) (struct buf *, struct stat *, int);
| static char *e (p, i)
|      char **p;
|      int i;
| {
|   return p[i];
| }
| static char *f (char * (*g) (char **, int), char **p, ...)
| {
|   char *s;
|   va_list v;
|   va_start (v,p);
|   s = g (p, va_arg (v,int));
|   va_end (v);
|   return s;
| }
| 
| /* OSF 4.0 Compaq cc is some sort of almost-ANSI by default.  It has
|    function prototypes and stuff, but not '\xHH' hex character constants.
|    These don't provoke an error unfortunately, instead are silently treated
|    as 'x'.  The following induces an error, until -std is added to get
|    proper ANSI mode.  Curiously '\x00'!='x' always comes out true, for an
|    array size at least.  It's necessary to write '\x00'==0 to get something
|    that's true only with -std.  */
| int osf4_cc_array ['\x00' == 0 ? 1 : -1];
| 
| /* IBM C 6 for AIX is almost-ANSI by default, but it replaces macro parameters
|    inside strings and character constants.  */
| #define FOO(x) 'x'
| int xlc6_cc_array[FOO(a) == 'x' ? 1 : -1];
| 
| int test (int i, double x);
| struct s1 {int (*f) (int a);};
| struct s2 {int (*f) (double a);};
| int pairnames (int, char **, FILE *(*)(struct buf *, struct stat *, int), int, int);
| int argc;
| char **argv;
| int
| main ()
| {
| return f (e, argv, 0) != argv[0]  ||  f (e, argv, 1) != argv[1];
|   ;
|   return 0;
| }
configure:4404: g++ -Aa -D_HPUX_SOURCE -c   conftest.c >&5
<command-line>: error: missing '(' after predicate
conftest.c:15:17: error: 'p' was not declared in this scope
   15 | static char *e (p, i)
      |                 ^
conftest.c:15:20: error: 'i' was not declared in this scope
   15 | static char *e (p, i)
      |                    ^
conftest.c:15:21: error: expression list treated as compound expression in initializer [-fpermissive]
   15 | static char *e (p, i)
      |                     ^
conftest.c:18:1: error: expected unqualified-id before '{' token
   18 | {
      | ^
conftest.c: In function 'int main()':
conftest.c:54:11: error: cannot convert 'char*' to 'char* (*)(char**, int)'
   54 | return f (e, argv, 0) != argv[0]  ||  f (e, argv, 1) != argv[1];
      |           ^
      |           |
      |           char*
conftest.c:21:26: note:   initializing argument 1 of 'char* f(char* (*)(char**, int), char**, ...)'
   21 | static char *f (char * (*g) (char **, int), char **p, ...)
      |                 ~~~~~~~~~^~~~~~~~~~~~~~~~~
conftest.c:54:42: error: cannot convert 'char*' to 'char* (*)(char**, int)'
   54 | return f (e, argv, 0) != argv[0]  ||  f (e, argv, 1) != argv[1];
      |                                          ^
      |                                          |
      |                                          char*
conftest.c:21:26: note:   initializing argument 1 of 'char* f(char* (*)(char**, int), char**, ...)'
   21 | static char *f (char * (*g) (char **, int), char **p, ...)
      |                 ~~~~~~~~~^~~~~~~~~~~~~~~~~
configure:4404: $? = 1
configure: failed program was:
| /* confdefs.h */
| #define PACKAGE_NAME "SystemC"
| #define PACKAGE_TARNAME "systemc"
| #define PACKAGE_VERSION "2.3.3"
| #define PACKAGE_STRING "SystemC 2.3.3"
| #define PACKAGE_BUGREPORT "http://forums.accellera.org/forum/9-systemc/"
| #define PACKAGE_URL "http://accellera.org/"
| /* end confdefs.h.  */
| #include <stdarg.h>
| #include <stdio.h>
| struct stat;
| /* Most of the following tests are stolen from RCS 5.7's src/conf.sh.  */
| struct buf { int x; };
| FILE * (*rcsopen) (struct buf *, struct stat *, int);
| static char *e (p, i)
|      char **p;
|      int i;
| {
|   return p[i];
| }
| static char *f (char * (*g) (char **, int), char **p, ...)
| {
|   char *s;
|   va_list v;
|   va_start (v,p);
|   s = g (p, va_arg (v,int));
|   va_end (v);
|   return s;
| }
| 
| /* OSF 4.0 Compaq cc is some sort of almost-ANSI by default.  It has
|    function prototypes and stuff, but not '\xHH' hex character constants.
|    These don't provoke an error unfortunately, instead are silently treated
|    as 'x'.  The following induces an error, until -std is added to get
|    proper ANSI mode.  Curiously '\x00'!='x' always comes out true, for an
|    array size at least.  It's necessary to write '\x00'==0 to get something
|    that's true only with -std.  */
| int osf4_cc_array ['\x00' == 0 ? 1 : -1];
| 
| /* IBM C 6 for AIX is almost-ANSI by default, but it replaces macro parameters
|    inside strings and character constants.  */
| #define FOO(x) 'x'
| int xlc6_cc_array[FOO(a) == 'x' ? 1 : -1];
| 
| int test (int i, double x);
| struct s1 {int (*f) (int a);};
| struct s2 {int (*f) (double a);};
| int pairnames (int, char **, FILE *(*)(struct buf *, struct stat *, int), int, int);
| int argc;
| char **argv;
| int
| main ()
| {
| return f (e, argv, 0) != argv[0]  ||  f (e, argv, 1) != argv[1];
|   ;
|   return 0;
| }
configure:4404: g++ -Xc -D__EXTENSIONS__ -c   conftest.c >&5
g++: error: unrecognized command line option '-Xc'; did you mean '-X'?
configure:4404: $? = 1
configure: failed program was:
| /* confdefs.h */
| #define PACKAGE_NAME "SystemC"
| #define PACKAGE_TARNAME "systemc"
| #define PACKAGE_VERSION "2.3.3"
| #define PACKAGE_STRING "SystemC 2.3.3"
| #define PACKAGE_BUGREPORT "http://forums.accellera.org/forum/9-systemc/"
| #define PACKAGE_URL "http://accellera.org/"
| /* end confdefs.h.  */
| #include <stdarg.h>
| #include <stdio.h>
| struct stat;
| /* Most of the following tests are stolen from RCS 5.7's src/conf.sh.  */
| struct buf { int x; };
| FILE * (*rcsopen) (struct buf *, struct stat *, int);
| static char *e (p, i)
|      char **p;
|      int i;
| {
|   return p[i];
| }
| static char *f (char * (*g) (char **, int), char **p, ...)
| {
|   char *s;
|   va_list v;
|   va_start (v,p);
|   s = g (p, va_arg (v,int));
|   va_end (v);
|   return s;
| }
| 
| /* OSF 4.0 Compaq cc is some sort of almost-ANSI by default.  It has
|    function prototypes and stuff, but not '\xHH' hex character constants.
|    These don't provoke an error unfortunately, instead are silently treated
|    as 'x'.  The following induces an error, until -std is added to get
|    proper ANSI mode.  Curiously '\x00'!='x' always comes out true, for an
|    array size at least.  It's necessary to write '\x00'==0 to get something
|    that's true only with -std.  */
| int osf4_cc_array ['\x00' == 0 ? 1 : -1];
| 
| /* IBM C 6 for AIX is almost-ANSI by default, but it replaces macro parameters
|    inside strings and character constants.  */
| #define FOO(x) 'x'
| int xlc6_cc_array[FOO(a) == 'x' ? 1 : -1];
| 
| int test (int i, double x);
| struct s1 {int (*f) (int a);};
| struct s2 {int (*f) (double a);};
| int pairnames (int, char **, FILE *(*)(struct buf *, struct stat *, int), int, int);
| int argc;
| char **argv;
| int
| main ()
| {
| return f (e, argv, 0) != argv[0]  ||  f (e, argv, 1) != argv[1];
|   ;
|   return 0;
| }
configure:4420: result: unsupported
configure:4442: checking whether g++ understands -c and -o together
configure:4464: g++ -c conftest.c -o conftest2.o
configure:4467: $? = 0
configure:4464: g++ -c conftest.c -o conftest2.o
configure:4467: $? = 0
configure:4479: result: yes
configure:4498: checking dependency style of g++
configure:4609: result: gcc3
configure:4626: checking whether we are using a Clang/LLVM C compiler
configure:4652: g++ -c   conftest.c >&5
conftest.c: In function 'int main()':
conftest.c:15:5: error: 'clang' was not declared in this scope
   15 | not clang
      |     ^~~~~
configure:4652: $? = 1
configure: failed program was:
| /* confdefs.h */
| #define PACKAGE_NAME "SystemC"
| #define PACKAGE_TARNAME "systemc"
| #define PACKAGE_VERSION "2.3.3"
| #define PACKAGE_STRING "SystemC 2.3.3"
| #define PACKAGE_BUGREPORT "http://forums.accellera.org/forum/9-systemc/"
| #define PACKAGE_URL "http://accellera.org/"
| /* end confdefs.h.  */
| 
| int
| main ()
| {
| 
| #ifndef __clang__
| not clang
| #endif
| 
|   ;
|   return 0;
| }
configure:4665: result: no
configure:4717: checking for ar
configure:4733: found /usr/bin/ar
configure:4744: result: ar
configure:4770: checking the archiver (ar) interface
configure:4786: g++ -c   conftest.c >&5
configure:4786: $? = 0
configure:4788: ar cru libconftest.a conftest.o >&5
ar: `u' modifier ignored since `D' is the default (see `U')
configure:4791: $? = 0
configure:4790: result: ar
configure:4822: checking dependency style of g++
configure:4931: result: gcc3
configure:4947: checking whether ln -s works
configure:4951: result: yes
configure:5269: checking for the pthreads library -lpthreads
configure:5307: g++ -o conftest     conftest.c -lpthreads  >&5
/usr/bin/ld: cannot find -lpthreads
collect2: error: ld returned 1 exit status
configure:5307: $? = 1
configure: failed program was:
| /* confdefs.h */
| #define PACKAGE_NAME "SystemC"
| #define PACKAGE_TARNAME "systemc"
| #define PACKAGE_VERSION "2.3.3"
| #define PACKAGE_STRING "SystemC 2.3.3"
| #define PACKAGE_BUGREPORT "http://forums.accellera.org/forum/9-systemc/"
| #define PACKAGE_URL "http://accellera.org/"
| /* end confdefs.h.  */
| #include <pthread.h>
|                         static void routine(void *a) { a = 0; }
|                         static void *start_routine(void *a) { return a; }
| int
| main ()
| {
| pthread_t th; pthread_attr_t attr;
|                         pthread_create(&th, 0, start_routine, 0);
|                         pthread_join(th, 0);
|                         pthread_attr_init(&attr);
|                         pthread_cleanup_push(routine, 0);
|                         pthread_cleanup_pop(0) /* ; */
|   ;
|   return 0;
| }
configure:5316: result: no
configure:5214: checking whether pthreads work without any flags
configure:5307: g++ -o conftest     conftest.c   >&5
/usr/bin/ld: /tmp/cc5qiSbQ.o: in function `main':
conftest.c:(.text+0x5d): undefined reference to `pthread_create'
/usr/bin/ld: conftest.c:(.text+0x6e): undefined reference to `pthread_join'
collect2: error: ld returned 1 exit status
configure:5307: $? = 1
configure: failed program was:
| /* confdefs.h */
| #define PACKAGE_NAME "SystemC"
| #define PACKAGE_TARNAME "systemc"
| #define PACKAGE_VERSION "2.3.3"
| #define PACKAGE_STRING "SystemC 2.3.3"
| #define PACKAGE_BUGREPORT "http://forums.accellera.org/forum/9-systemc/"
| #define PACKAGE_URL "http://accellera.org/"
| /* end confdefs.h.  */
| #include <pthread.h>
|                         static void routine(void *a) { a = 0; }
|                         static void *start_routine(void *a) { return a; }
| int
| main ()
| {
| pthread_t th; pthread_attr_t attr;
|                         pthread_create(&th, 0, start_routine, 0);
|                         pthread_join(th, 0);
|                         pthread_attr_init(&attr);
|                         pthread_cleanup_push(routine, 0);
|                         pthread_cleanup_pop(0) /* ; */
|   ;
|   return 0;
| }
configure:5316: result: no
configure:5219: checking whether pthreads work with -Kthread
configure:5307: g++ -o conftest  -Kthread   conftest.c   >&5
g++: error: unrecognized command line option '-Kthread'; did you mean '-pthread'?
configure:5307: $? = 1
configure: failed program was:
| /* confdefs.h */
| #define PACKAGE_NAME "SystemC"
| #define PACKAGE_TARNAME "systemc"
| #define PACKAGE_VERSION "2.3.3"
| #define PACKAGE_STRING "SystemC 2.3.3"
| #define PACKAGE_BUGREPORT "http://forums.accellera.org/forum/9-systemc/"
| #define PACKAGE_URL "http://accellera.org/"
| /* end confdefs.h.  */
| #include <pthread.h>
|                         static void routine(void *a) { a = 0; }
|                         static void *start_routine(void *a) { return a; }
| int
| main ()
| {
| pthread_t th; pthread_attr_t attr;
|                         pthread_create(&th, 0, start_routine, 0);
|                         pthread_join(th, 0);
|                         pthread_attr_init(&attr);
|                         pthread_cleanup_push(routine, 0);
|                         pthread_cleanup_pop(0) /* ; */
|   ;
|   return 0;
| }
configure:5316: result: no
configure:5219: checking whether pthreads work with -kthread
configure:5307: g++ -o conftest  -kthread   conftest.c   >&5
g++: error: unrecognized command line option '-kthread'; did you mean '-pthread'?
configure:5307: $? = 1
configure: failed program was:
| /* confdefs.h */
| #define PACKAGE_NAME "SystemC"
| #define PACKAGE_TARNAME "systemc"
| #define PACKAGE_VERSION "2.3.3"
| #define PACKAGE_STRING "SystemC 2.3.3"
| #define PACKAGE_BUGREPORT "http://forums.accellera.org/forum/9-systemc/"
| #define PACKAGE_URL "http://accellera.org/"
| /* end confdefs.h.  */
| #include <pthread.h>
|                         static void routine(void *a) { a = 0; }
|                         static void *start_routine(void *a) { return a; }
| int
| main ()
| {
| pthread_t th; pthread_attr_t attr;
|                         pthread_create(&th, 0, start_routine, 0);
|                         pthread_join(th, 0);
|                         pthread_attr_init(&attr);
|                         pthread_cleanup_push(routine, 0);
|                         pthread_cleanup_pop(0) /* ; */
|   ;
|   return 0;
| }
configure:5316: result: no
configure:5269: checking for the pthreads library -llthread
configure:5307: g++ -o conftest     conftest.c -llthread  >&5
/usr/bin/ld: cannot find -llthread
collect2: error: ld returned 1 exit status
configure:5307: $? = 1
configure: failed program was:
| /* confdefs.h */
| #define PACKAGE_NAME "SystemC"
| #define PACKAGE_TARNAME "systemc"
| #define PACKAGE_VERSION "2.3.3"
| #define PACKAGE_STRING "SystemC 2.3.3"
| #define PACKAGE_BUGREPORT "http://forums.accellera.org/forum/9-systemc/"
| #define PACKAGE_URL "http://accellera.org/"
| /* end confdefs.h.  */
| #include <pthread.h>
|                         static void routine(void *a) { a = 0; }
|                         static void *start_routine(void *a) { return a; }
| int
| main ()
| {
| pthread_t th; pthread_attr_t attr;
|                         pthread_create(&th, 0, start_routine, 0);
|                         pthread_join(th, 0);
|                         pthread_attr_init(&attr);
|                         pthread_cleanup_push(routine, 0);
|                         pthread_cleanup_pop(0) /* ; */
|   ;
|   return 0;
| }
configure:5316: result: no
configure:5219: checking whether pthreads work with -pthread
configure:5307: g++ -o conftest  -pthread   conftest.c   >&5
configure:5307: $? = 0
configure:5316: result: yes
configure:5335: checking for joinable pthread attribute
configure:5350: g++ -o conftest  -pthread   conftest.c   >&5
configure:5350: $? = 0
configure:5356: result: PTHREAD_CREATE_JOINABLE
configure:5366: checking if more special flags are required for pthreads
configure:5380: result: no
configure:5386: checking for PTHREAD_PRIO_INHERIT
configure:5404: g++ -o conftest  -pthread   conftest.c   >&5
configure:5404: $? = 0
configure:5413: result: yes
configure:5553: checking how to print strings
configure:5580: result: printf
configure:5601: checking for a sed that does not truncate output
configure:5665: result: /usr/bin/sed
configure:5683: checking for grep that handles long lines and -e
configure:5741: result: /usr/bin/grep
configure:5746: checking for egrep
configure:5808: result: /usr/bin/grep -E
configure:5813: checking for fgrep
configure:5875: result: /usr/bin/grep -F
configure:5910: checking for ld used by g++
configure:5977: result: /usr/bin/ld
configure:5984: checking if the linker (/usr/bin/ld) is GNU ld
configure:5999: result: yes
configure:6011: checking for BSD- or MS-compatible name lister (nm)
configure:6060: result: /usr/bin/nm -B
configure:6190: checking the name lister (/usr/bin/nm -B) interface
configure:6197: g++ -c -Wall -m64   conftest.cpp >&5
configure:6200: /usr/bin/nm -B "conftest.o"
configure:6203: output
0000000000000000 B some_variable
configure:6204: result: BSD nm
configure:6208: checking the maximum length of command line arguments
configure:6338: result: 1572864
configure:6355: checking whether the shell understands some XSI constructs
configure:6364: result: yes
configure:6368: checking whether the shell understands "+="
configure:6372: result: yes
configure:6407: checking how to convert x86_64-unknown-linux-gnu file names to x86_64-unknown-linux-gnu format
configure:6447: result: func_convert_file_noop
configure:6454: checking how to convert x86_64-unknown-linux-gnu file names to toolchain format
configure:6474: result: func_convert_file_noop
configure:6481: checking for /usr/bin/ld option to reload object files
configure:6488: result: -r
configure:6562: checking for objdump
configure:6578: found /usr/bin/objdump
configure:6589: result: objdump
configure:6621: checking how to recognize dependent libraries
configure:6823: result: pass_all
configure:6908: checking for dlltool
configure:6938: result: no
configure:6968: checking how to associate runtime and link libraries
configure:6995: result: printf %s\n
configure:7119: checking for archiver @FILE support
configure:7136: g++ -c -Wall -m64   conftest.cpp >&5
configure:7136: $? = 0
configure:7139: ar cr libconftest.a @conftest.lst >&5
configure:7142: $? = 0
configure:7147: ar cr libconftest.a @conftest.lst >&5
ar: conftest.o: No such file or directory
configure:7150: $? = 1
configure:7149: result: @
configure:7207: checking for strip
configure:7223: found /usr/bin/strip
configure:7234: result: strip
configure:7306: checking for ranlib
configure:7322: found /usr/bin/ranlib
configure:7333: result: ranlib
configure:7435: checking command to parse /usr/bin/nm -B output from g++ object
configure:7555: g++ -c -Wall -m64   conftest.cpp >&5
configure:7558: $? = 0
configure:7562: /usr/bin/nm -B conftest.o \| sed -n -e 's/^.*[ ]\([ABCDGIRSTW][ABCDGIRSTW]*\)[ ][ ]*\([_A-Za-z][_A-Za-z0-9]*\)$/\1 \2 \2/p' | sed '/ __gnu_lto/d' \> conftest.nm
configure:7565: $? = 0
configure:7631: g++ -o conftest -Wall -m64    conftest.cpp conftstm.o >&5
configure:7634: $? = 0
configure:7672: result: ok
configure:7709: checking for sysroot
configure:7739: result: no
configure:7816: g++ -c -Wall -m64   conftest.cpp >&5
configure:7819: $? = 0
configure:7995: checking for mt
configure:8011: found /usr/bin/mt
configure:8022: result: mt
configure:8045: checking if mt is a manifest tool
configure:8051: mt '-?'
configure:8059: result: no
configure:8701: checking how to run the C preprocessor
configure:8732: g++ -E  conftest.c
configure:8732: $? = 0
configure:8746: g++ -E  conftest.c
conftest.c:11:10: fatal error: ac_nonexistent.h: No such file or directory
   11 | #include <ac_nonexistent.h>
      |          ^~~~~~~~~~~~~~~~~~
compilation terminated.
configure:8746: $? = 1
configure: failed program was:
| /* confdefs.h */
| #define PACKAGE_NAME "SystemC"
| #define PACKAGE_TARNAME "systemc"
| #define PACKAGE_VERSION "2.3.3"
| #define PACKAGE_STRING "SystemC 2.3.3"
| #define PACKAGE_BUGREPORT "http://forums.accellera.org/forum/9-systemc/"
| #define PACKAGE_URL "http://accellera.org/"
| #define HAVE_PTHREAD_PRIO_INHERIT 1
| #define HAVE_PTHREAD 1
| /* end confdefs.h.  */
| #include <ac_nonexistent.h>
configure:8771: result: g++ -E
configure:8791: g++ -E  conftest.c
configure:8791: $? = 0
configure:8805: g++ -E  conftest.c
conftest.c:11:10: fatal error: ac_nonexistent.h: No such file or directory
   11 | #include <ac_nonexistent.h>
      |          ^~~~~~~~~~~~~~~~~~
compilation terminated.
configure:8805: $? = 1
configure: failed program was:
| /* confdefs.h */
| #define PACKAGE_NAME "SystemC"
| #define PACKAGE_TARNAME "systemc"
| #define PACKAGE_VERSION "2.3.3"
| #define PACKAGE_STRING "SystemC 2.3.3"
| #define PACKAGE_BUGREPORT "http://forums.accellera.org/forum/9-systemc/"
| #define PACKAGE_URL "http://accellera.org/"
| #define HAVE_PTHREAD_PRIO_INHERIT 1
| #define HAVE_PTHREAD 1
| /* end confdefs.h.  */
| #include <ac_nonexistent.h>
configure:8834: checking for ANSI C header files
configure:8854: g++ -c   conftest.c >&5
configure:8854: $? = 0
configure:8927: g++ -o conftest    conftest.c  >&5
configure:8927: $? = 0
configure:8927: ./conftest
configure:8927: $? = 0
configure:8938: result: yes
configure:8951: checking for sys/types.h
configure:8951: g++ -c   conftest.c >&5
configure:8951: $? = 0
configure:8951: result: yes
configure:8951: checking for sys/stat.h
configure:8951: g++ -c   conftest.c >&5
configure:8951: $? = 0
configure:8951: result: yes
configure:8951: checking for stdlib.h
configure:8951: g++ -c   conftest.c >&5
configure:8951: $? = 0
configure:8951: result: yes
configure:8951: checking for string.h
configure:8951: g++ -c   conftest.c >&5
configure:8951: $? = 0
configure:8951: result: yes
configure:8951: checking for memory.h
configure:8951: g++ -c   conftest.c >&5
configure:8951: $? = 0
configure:8951: result: yes
configure:8951: checking for strings.h
configure:8951: g++ -c   conftest.c >&5
configure:8951: $? = 0
configure:8951: result: yes
configure:8951: checking for inttypes.h
configure:8951: g++ -c   conftest.c >&5
configure:8951: $? = 0
configure:8951: result: yes
configure:8951: checking for stdint.h
configure:8951: g++ -c   conftest.c >&5
configure:8951: $? = 0
configure:8951: result: yes
configure:8951: checking for unistd.h
configure:8951: g++ -c   conftest.c >&5
configure:8951: $? = 0
configure:8951: result: yes
configure:8965: checking for dlfcn.h
configure:8965: g++ -c   conftest.c >&5
configure:8965: $? = 0
configure:8965: result: yes
configure:9181: checking for objdir
configure:9196: result: .libs
configure:9467: checking if g++ supports -fno-rtti -fno-exceptions
configure:9485: g++ -c   -fno-rtti -fno-exceptions conftest.c >&5
configure:9489: $? = 0
configure:9502: result: yes
configure:9829: checking for g++ option to produce PIC
configure:9836: result: -fPIC -DPIC
configure:9844: checking if g++ PIC flag -fPIC -DPIC works
configure:9862: g++ -c   -fPIC -DPIC -DPIC conftest.c >&5
configure:9866: $? = 0
configure:9879: result: yes
configure:9908: checking if g++ static flag -static works
configure:9936: result: yes
configure:9951: checking if g++ supports -c -o file.o
configure:9972: g++ -c   -o out/conftest2.o conftest.c >&5
configure:9976: $? = 0
configure:9998: result: yes
configure:10006: checking if g++ supports -c -o file.o
configure:10053: result: yes
configure:10086: checking whether the g++ linker (/usr/bin/ld -m elf_x86_64) supports shared libraries
configure:11239: result: yes
configure:11276: checking whether -lc should be explicitly linked in
configure:11284: g++ -c   conftest.c >&5
configure:11287: $? = 0
configure:11302: g++ -shared  -fPIC -DPIC conftest.o  -v -Wl,-soname -Wl,conftest -o conftest 2\>\&1 \| /usr/bin/grep  -lc  \>/dev/null 2\>\&1
configure:11305: $? = 0
configure:11319: result: no
configure:11479: checking dynamic linker characteristics
configure:11990: g++ -o conftest    -Wl,-rpath -Wl,/foo conftest.c  >&5
configure:11990: $? = 0
configure:12212: result: GNU/Linux ld.so
configure:12319: checking how to hardcode library paths into programs
configure:12344: result: immediate
configure:12884: checking whether stripping libraries is possible
configure:12889: result: yes
configure:12924: checking if libtool supports shared libraries
configure:12926: result: yes
configure:12929: checking whether to build shared libraries
configure:12950: result: yes
configure:12953: checking whether to build static libraries
configure:12957: result: yes
configure:9990: checking how to run the C++ preprocessor
configure:10017: g++ -E  conftest.cpp
configure:10017: $? = 0
configure:10031: g++ -E  conftest.cpp
conftest.cpp:23:10: fatal error: ac_nonexistent.h: No such file or directory
   23 | #include <ac_nonexistent.h>
      |          ^~~~~~~~~~~~~~~~~~
compilation terminated.
configure:10031: $? = 1
configure: failed program was:
| /* confdefs.h */
| #define PACKAGE_NAME "SystemC"
| #define PACKAGE_TARNAME "systemc"
| #define PACKAGE_VERSION "2.3.3"
| #define PACKAGE_STRING "SystemC 2.3.3"
| #define PACKAGE_BUGREPORT "http://forums.accellera.org/forum/9-systemc/"
| #define PACKAGE_URL "http://accellera.org/"
| #define HAVE_PTHREAD_PRIO_INHERIT 1
| #define HAVE_PTHREAD 1
| #define STDC_HEADERS 1
| #define HAVE_SYS_TYPES_H 1
| #define HAVE_SYS_STAT_H 1
| #define HAVE_STDLIB_H 1
| #define HAVE_STRING_H 1
| #define HAVE_MEMORY_H 1
| #define HAVE_STRINGS_H 1
| #define HAVE_INTTYPES_H 1
| #define HAVE_STDINT_H 1
| #define HAVE_UNISTD_H 1
| #define HAVE_DLFCN_H 1
| #define LT_OBJDIR ".libs/"
| /* end confdefs.h.  */
| #include <ac_nonexistent.h>
configure:10056: result: g++ -E
configure:10076: g++ -E  conftest.cpp
configure:10076: $? = 0
configure:10090: g++ -E  conftest.cpp
conftest.cpp:23:10: fatal error: ac_nonexistent.h: No such file or directory
   23 | #include <ac_nonexistent.h>
      |          ^~~~~~~~~~~~~~~~~~
compilation terminated.
configure:10090: $? = 1
configure: failed program was:
| /* confdefs.h */
| #define PACKAGE_NAME "SystemC"
| #define PACKAGE_TARNAME "systemc"
| #define PACKAGE_VERSION "2.3.3"
| #define PACKAGE_STRING "SystemC 2.3.3"
| #define PACKAGE_BUGREPORT "http://forums.accellera.org/forum/9-systemc/"
| #define PACKAGE_URL "http://accellera.org/"
| #define HAVE_PTHREAD_PRIO_INHERIT 1
| #define HAVE_PTHREAD 1
| #define STDC_HEADERS 1
| #define HAVE_SYS_TYPES_H 1
| #define HAVE_SYS_STAT_H 1
| #define HAVE_STDLIB_H 1
| #define HAVE_STRING_H 1
| #define HAVE_MEMORY_H 1
| #define HAVE_STRINGS_H 1
| #define HAVE_INTTYPES_H 1
| #define HAVE_STDINT_H 1
| #define HAVE_UNISTD_H 1
| #define HAVE_DLFCN_H 1
| #define LT_OBJDIR ".libs/"
| /* end confdefs.h.  */
| #include <ac_nonexistent.h>
configure:10259: checking for ld used by g++
configure:10326: result: /usr/bin/ld -m elf_x86_64
configure:10333: checking if the linker (/usr/bin/ld -m elf_x86_64) is GNU ld
configure:10348: result: yes
configure:10403: checking whether the g++ linker (/usr/bin/ld -m elf_x86_64) supports shared libraries
configure:11408: result: yes
configure:11444: g++ -c -Wall -m64   conftest.cpp >&5
configure:11447: $? = 0
configure:11967: checking for g++ option to produce PIC
configure:11974: result: -fPIC -DPIC
configure:11982: checking if g++ PIC flag -fPIC -DPIC works
configure:12000: g++ -c -Wall -m64   -fPIC -DPIC -DPIC conftest.cpp >&5
configure:12004: $? = 0
configure:12017: result: yes
configure:12040: checking if g++ static flag -static works
configure:12068: result: yes
configure:12080: checking if g++ supports -c -o file.o
configure:12101: g++ -c -Wall -m64   -o out/conftest2.o conftest.cpp >&5
configure:12105: $? = 0
configure:12127: result: yes
configure:12132: checking if g++ supports -c -o file.o
configure:12179: result: yes
configure:12209: checking whether the g++ linker (/usr/bin/ld -m elf_x86_64) supports shared libraries
configure:12245: result: yes
configure:12386: checking dynamic linker characteristics
configure:13053: result: GNU/Linux ld.so
configure:13106: checking how to hardcode library paths into programs
configure:13131: result: immediate
configure:12135: checking for SystemC install layout
configure:12161: result: classic
configure:12217: checking for SystemC library arch suffix
configure:12237: result: default (TARGET_ARCH=linux64)
configure:12240: checking whether to add debug symbols to the SystemC library
configure:12262: result: no
configure:12265: checking whether to enable compiler optimization
configure:12287: result: yes
configure:12290: checking whether to add support for asynchronous update requests
configure:12334: result: yes
configure:12337: checking whether to use POSIX threads for SystemC processes
configure:12403: result: no
configure:12406: checking whether to enable simulation phase callbacks (experimental)
configure:12440: result: no
configure:12443: checking whether to enable VCD scopes by default
configure:12467: result: yes
configure:12534: checking for SC_DISABLE_VIRTUAL_BIND defined
configure:12556: g++ -c   conftest.cpp >&5
conftest.cpp: In function 'int main()':
conftest.cpp:31:3: error: 'choke' was not declared in this scope
   31 |   choke me
      |   ^~~~~
configure:12556: $? = 1
configure: failed program was:
| /* confdefs.h */
| #define PACKAGE_NAME "SystemC"
| #define PACKAGE_TARNAME "systemc"
| #define PACKAGE_VERSION "2.3.3"
| #define PACKAGE_STRING "SystemC 2.3.3"
| #define PACKAGE_BUGREPORT "http://forums.accellera.org/forum/9-systemc/"
| #define PACKAGE_URL "http://accellera.org/"
| #define HAVE_PTHREAD_PRIO_INHERIT 1
| #define HAVE_PTHREAD 1
| #define STDC_HEADERS 1
| #define HAVE_SYS_TYPES_H 1
| #define HAVE_SYS_STAT_H 1
| #define HAVE_STDLIB_H 1
| #define HAVE_STRING_H 1
| #define HAVE_MEMORY_H 1
| #define HAVE_STRINGS_H 1
| #define HAVE_INTTYPES_H 1
| #define HAVE_STDINT_H 1
| #define HAVE_UNISTD_H 1
| #define HAVE_DLFCN_H 1
| #define LT_OBJDIR ".libs/"
| /* end confdefs.h.  */
| 
| int
| main ()
| {
| 
|   #ifdef SC_DISABLE_VIRTUAL_BIND
|   int ok;
|   #else
|   choke me
|   #endif
| 
|   ;
|   return 0;
| }
configure:12563: result: no
configure:12571: checking for SC_ENABLE_IMMEDIATE_SELF_NOTIFICATION defined
configure:12593: g++ -c   conftest.cpp >&5
conftest.cpp: In function 'int main()':
conftest.cpp:31:3: error: 'choke' was not declared in this scope
   31 |   choke me
      |   ^~~~~
configure:12593: $? = 1
configure: failed program was:
| /* confdefs.h */
| #define PACKAGE_NAME "SystemC"
| #define PACKAGE_TARNAME "systemc"
| #define PACKAGE_VERSION "2.3.3"
| #define PACKAGE_STRING "SystemC 2.3.3"
| #define PACKAGE_BUGREPORT "http://forums.accellera.org/forum/9-systemc/"
| #define PACKAGE_URL "http://accellera.org/"
| #define HAVE_PTHREAD_PRIO_INHERIT 1
| #define HAVE_PTHREAD 1
| #define STDC_HEADERS 1
| #define HAVE_SYS_TYPES_H 1
| #define HAVE_SYS_STAT_H 1
| #define HAVE_STDLIB_H 1
| #define HAVE_STRING_H 1
| #define HAVE_MEMORY_H 1
| #define HAVE_STRINGS_H 1
| #define HAVE_INTTYPES_H 1
| #define HAVE_STDINT_H 1
| #define HAVE_UNISTD_H 1
| #define HAVE_DLFCN_H 1
| #define LT_OBJDIR ".libs/"
| /* end confdefs.h.  */
| 
| int
| main ()
| {
| 
|   #ifdef SC_ENABLE_IMMEDIATE_SELF_NOTIFICATION
|   int ok;
|   #else
|   choke me
|   #endif
| 
|   ;
|   return 0;
| }
configure:12600: result: no
configure:12607: checking for SC_ENABLE_EARLY_MAXTIME_CREATION defined
configure:12629: g++ -c   conftest.cpp >&5
conftest.cpp: In function 'int main()':
conftest.cpp:31:3: error: 'choke' was not declared in this scope
   31 |   choke me
      |   ^~~~~
configure:12629: $? = 1
configure: failed program was:
| /* confdefs.h */
| #define PACKAGE_NAME "SystemC"
| #define PACKAGE_TARNAME "systemc"
| #define PACKAGE_VERSION "2.3.3"
| #define PACKAGE_STRING "SystemC 2.3.3"
| #define PACKAGE_BUGREPORT "http://forums.accellera.org/forum/9-systemc/"
| #define PACKAGE_URL "http://accellera.org/"
| #define HAVE_PTHREAD_PRIO_INHERIT 1
| #define HAVE_PTHREAD 1
| #define STDC_HEADERS 1
| #define HAVE_SYS_TYPES_H 1
| #define HAVE_SYS_STAT_H 1
| #define HAVE_STDLIB_H 1
| #define HAVE_STRING_H 1
| #define HAVE_MEMORY_H 1
| #define HAVE_STRINGS_H 1
| #define HAVE_INTTYPES_H 1
| #define HAVE_STDINT_H 1
| #define HAVE_UNISTD_H 1
| #define HAVE_DLFCN_H 1
| #define LT_OBJDIR ".libs/"
| /* end confdefs.h.  */
| 
| int
| main ()
| {
| 
|   #ifdef SC_ENABLE_EARLY_MAXTIME_CREATION
|   int ok;
|   #else
|   choke me
|   #endif
| 
|   ;
|   return 0;
| }
configure:12636: result: no
configure:12798: checking that generated files are newer than configure
configure:12804: result: done
configure:12903: creating ./config.status

## ---------------------- ##
## Running config.status. ##
## ---------------------- ##

This file was extended by SystemC config.status 2.3.3, which was
generated by GNU Autoconf 2.69.  Invocation command line was

  CONFIG_FILES    = 
  CONFIG_HEADERS  = 
  CONFIG_LINKS    = 
  CONFIG_COMMANDS = 
  $ ./config.status 

on louis-VivoBook-ASUSLaptop-X509DA-M509DA

config.status:1144: creating Makefile
config.status:1144: creating src/Makefile
config.status:1144: creating src/systemc.pc
config.status:1144: creating src/tlm.pc
config.status:1144: creating src/sysc/Makefile
config.status:1144: creating src/sysc/packages/boost/Makefile
config.status:1144: creating src/sysc/packages/qt/Makefile
config.status:1144: creating src/tlm_core/Makefile
config.status:1144: creating src/tlm_utils/Makefile
config.status:1144: creating examples/Makefile
config.status:1144: creating examples/sysc/Makefile
config.status:1144: creating examples/tlm/Makefile
config.status:1144: creating examples/tlm/common/Makefile
config.status:1144: creating docs/Makefile
config.status:1144: creating docs/sysc/doxygen/Doxyfile
config.status:1144: creating docs/tlm/doxygen/Doxyfile
config.status:1301: executing depfiles commands
config.status:1301: executing libtool commands
---------------------------------------------------------------------
Configuration summary of SystemC 2.3.3 for x86_64-unknown-linux-gnu
---------------------------------------------------------------------

 Directory setup (based on classic layout):
   Installation prefix (aka SYSTEMC_HOME):
      /usr/local/systemc-2.3.3
   Header files  : <SYSTEMC_HOME>/include
   Libraries     : <SYSTEMC_HOME>/lib-linux64
   Documentation : <SYSTEMC_HOME>/docs
   Examples      : <SYSTEMC_HOME>/examples

 Architecture    : linux64
 Compiler        : g++ (C/C++)
 
 Build settings:
   Enable compiler optimizations  : yes
   Include debugging symbols      : no
   Coroutine package for processes: QuickThreads
   Enable VCD scopes by default   : yes
   Disable async_request_update   : no
   Phase callbacks (experimental) : no
 
---------------------------------------------------------------------

## ---------------- ##
## Cache variables. ##
## ---------------- ##

ac_cv_build=x86_64-unknown-linux-gnu
ac_cv_c_compiler_gnu=yes
ac_cv_cxx_compiler_gnu=yes
ac_cv_defined_SC_DISABLE_VIRTUAL_BIND=no
ac_cv_defined_SC_ENABLE_EARLY_MAXTIME_CREATION=no
ac_cv_defined_SC_ENABLE_IMMEDIATE_SELF_NOTIFICATION=no
ac_cv_env_CCASFLAGS_set=
ac_cv_env_CCASFLAGS_value=
ac_cv_env_CCAS_set=
ac_cv_env_CCAS_value=
ac_cv_env_CCC_set=
ac_cv_env_CCC_value=
ac_cv_env_CC_set=
ac_cv_env_CC_value=
ac_cv_env_CFLAGS_set=
ac_cv_env_CFLAGS_value=
ac_cv_env_CPPFLAGS_set=
ac_cv_env_CPPFLAGS_value=
ac_cv_env_CPP_set=
ac_cv_env_CPP_value=
ac_cv_env_CXXCPP_set=
ac_cv_env_CXXCPP_value=
ac_cv_env_CXXFLAGS_set=
ac_cv_env_CXXFLAGS_value=
ac_cv_env_CXX_set=
ac_cv_env_CXX_value=
ac_cv_env_LDFLAGS_set=
ac_cv_env_LDFLAGS_value=
ac_cv_env_LIBS_set=
ac_cv_env_LIBS_value=
ac_cv_env_build_alias_set=
ac_cv_env_build_alias_value=
ac_cv_env_host_alias_set=
ac_cv_env_host_alias_value=
ac_cv_env_target_alias_set=
ac_cv_env_target_alias_value=
ac_cv_header_dlfcn_h=yes
ac_cv_header_inttypes_h=yes
ac_cv_header_memory_h=yes
ac_cv_header_stdc=yes
ac_cv_header_stdint_h=yes
ac_cv_header_stdlib_h=yes
ac_cv_header_string_h=yes
ac_cv_header_strings_h=yes
ac_cv_header_sys_stat_h=yes
ac_cv_header_sys_types_h=yes
ac_cv_header_unistd_h=yes
ac_cv_host=x86_64-unknown-linux-gnu
ac_cv_objext=o
ac_cv_path_EGREP='/usr/bin/grep -E'
ac_cv_path_FGREP='/usr/bin/grep -F'
ac_cv_path_GREP=/usr/bin/grep
ac_cv_path_SED=/usr/bin/sed
ac_cv_path_install='/usr/bin/install -c'
ac_cv_path_mkdir=/usr/bin/mkdir
ac_cv_prog_AWK=mawk
ac_cv_prog_CPP='g++ -E'
ac_cv_prog_CXXCPP='g++ -E'
ac_cv_prog_ac_ct_AR=ar
ac_cv_prog_ac_ct_CC=g++
ac_cv_prog_ac_ct_CXX=g++
ac_cv_prog_ac_ct_MANIFEST_TOOL=mt
ac_cv_prog_ac_ct_OBJDUMP=objdump
ac_cv_prog_ac_ct_RANLIB=ranlib
ac_cv_prog_ac_ct_STRIP=strip
ac_cv_prog_cc_c89=no
ac_cv_prog_cc_g=yes
ac_cv_prog_cxx_g=yes
ac_cv_prog_make_make_set=yes
ac_cv_target=x86_64-unknown-linux-gnu
am_cv_CCAS_dependencies_compiler_type=gcc3
am_cv_CC_dependencies_compiler_type=gcc3
am_cv_CXX_dependencies_compiler_type=gcc3
am_cv_ar_interface=ar
am_cv_make_support_nested_variables=yes
am_cv_prog_cc_c_o=yes
am_cv_prog_tar_pax=gnutar
ax_cv_PTHREAD_PRIO_INHERIT=yes
lt_cv_ar_at_file=@
lt_cv_archive_cmds_need_lc=no
lt_cv_deplibs_check_method=pass_all
lt_cv_file_magic_cmd='$MAGIC_CMD'
lt_cv_file_magic_test_file=
lt_cv_ld_reload_flag=-r
lt_cv_nm_interface='BSD nm'
lt_cv_objdir=.libs
lt_cv_path_LD=/usr/bin/ld
lt_cv_path_LDCXX='/usr/bin/ld -m elf_x86_64'
lt_cv_path_NM='/usr/bin/nm -B'
lt_cv_path_mainfest_tool=no
lt_cv_prog_compiler_c_o=yes
lt_cv_prog_compiler_c_o_CXX=yes
lt_cv_prog_compiler_pic='-fPIC -DPIC'
lt_cv_prog_compiler_pic_CXX='-fPIC -DPIC'
lt_cv_prog_compiler_pic_works=yes
lt_cv_prog_compiler_pic_works_CXX=yes
lt_cv_prog_compiler_rtti_exceptions=yes
lt_cv_prog_compiler_static_works=yes
lt_cv_prog_compiler_static_works_CXX=yes
lt_cv_prog_gnu_ld=yes
lt_cv_prog_gnu_ldcxx=yes
lt_cv_sharedlib_from_linklib_cmd='printf %s\n'
lt_cv_shlibpath_overrides_runpath=yes
lt_cv_sys_global_symbol_pipe='sed -n -e '\''s/^.*[	 ]\([ABCDGIRSTW][ABCDGIRSTW]*\)[	 ][	 ]*\([_A-Za-z][_A-Za-z0-9]*\)$/\1 \2 \2/p'\'' | sed '\''/ __gnu_lto/d'\'''
lt_cv_sys_global_symbol_to_c_name_address='sed -n -e '\''s/^: \([^ ]*\)[ ]*$/  {\"\1\", (void *) 0},/p'\'' -e '\''s/^[ABCDGIRSTW]* \([^ ]*\) \([^ ]*\)$/  {"\2", (void *) \&\2},/p'\'''
lt_cv_sys_global_symbol_to_c_name_address_lib_prefix='sed -n -e '\''s/^: \([^ ]*\)[ ]*$/  {\"\1\", (void *) 0},/p'\'' -e '\''s/^[ABCDGIRSTW]* \([^ ]*\) \(lib[^ ]*\)$/  {"\2", (void *) \&\2},/p'\'' -e '\''s/^[ABCDGIRSTW]* \([^ ]*\) \([^ ]*\)$/  {"lib\2", (void *) \&\2},/p'\'''
lt_cv_sys_global_symbol_to_cdecl='sed -n -e '\''s/^T .* \(.*\)$/extern int \1();/p'\'' -e '\''s/^[ABCDGIRSTW]* .* \(.*\)$/extern char \1;/p'\'''
lt_cv_sys_max_cmd_len=1572864
lt_cv_to_host_file_cmd=func_convert_file_noop
lt_cv_to_tool_file_cmd=func_convert_file_noop
sc_cv_clang=no
sc_cv_clangxx=no

## ----------------- ##
## Output variables. ##
## ----------------- ##

ACLOCAL='${SHELL} /home/louis/Desktop/Perso/M1_SESI/S2/Projet/RISC-V-project/bin/systemc-2.3.3/config/missing aclocal-1.14'
AMDEPBACKSLASH='\'
AMDEP_FALSE='#'
AMDEP_TRUE=''
AMTAR='$${TAR-tar}'
AM_BACKSLASH='\'
AM_DEFAULT_V='$(AM_DEFAULT_VERBOSITY)'
AM_DEFAULT_VERBOSITY='0'
AM_V='$(V)'
AR='ar'
AUTOCONF='${SHELL} /home/louis/Desktop/Perso/M1_SESI/S2/Projet/RISC-V-project/bin/systemc-2.3.3/config/missing autoconf'
AUTOHEADER='${SHELL} /home/louis/Desktop/Perso/M1_SESI/S2/Projet/RISC-V-project/bin/systemc-2.3.3/config/missing autoheader'
AUTOMAKE='${SHELL} /home/louis/Desktop/Perso/M1_SESI/S2/Projet/RISC-V-project/bin/systemc-2.3.3/config/missing automake-1.14'
AWK='mawk'
CC='g++'
CCAS='g++'
CCASDEPMODE='depmode=gcc3'
CCASFLAGS=''
CCDEPMODE='depmode=gcc3'
CFLAGS=''
CPP='g++ -E'
CPPFLAGS=''
CXX='g++'
CXXCPP='g++ -E'
CXXDEPMODE='depmode=gcc3'
CXXFLAGS=''
CYGPATH_W='echo'
DEBUG_CXXFLAGS='-g'
DEFS='-DPACKAGE_NAME=\"SystemC\" -DPACKAGE_TARNAME=\"systemc\" -DPACKAGE_VERSION=\"2.3.3\" -DPACKAGE_STRING=\"SystemC\ 2.3.3\" -DPACKAGE_BUGREPORT=\"http://forums.accellera.org/forum/9-systemc/\" -DPACKAGE_URL=\"http://accellera.org/\" -DHAVE_PTHREAD_PRIO_INHERIT=1 -DHAVE_PTHREAD=1 -DSTDC_HEADERS=1 -DHAVE_SYS_TYPES_H=1 -DHAVE_SYS_STAT_H=1 -DHAVE_STDLIB_H=1 -DHAVE_STRING_H=1 -DHAVE_MEMORY_H=1 -DHAVE_STRINGS_H=1 -DHAVE_INTTYPES_H=1 -DHAVE_STDINT_H=1 -DHAVE_UNISTD_H=1 -DHAVE_DLFCN_H=1 -DLT_OBJDIR=\".libs/\"'
DEPDIR='.deps'
DISABLE_ASYNC_UPDATES_FALSE=''
DISABLE_ASYNC_UPDATES_TRUE='#'
DISABLE_VCD_SCOPES_FALSE=''
DISABLE_VCD_SCOPES_TRUE='#'
DLLTOOL='false'
DSYMUTIL=''
DUMPBIN=''
ECHO_C=''
ECHO_N='-n'
ECHO_T=''
EGREP='/usr/bin/grep -E'
ENABLE_CALLBACKS_FALSE=''
ENABLE_CALLBACKS_TRACING_FALSE=''
ENABLE_CALLBACKS_TRACING_TRUE='#'
ENABLE_CALLBACKS_TRUE='#'
EXEEXT=''
EXPLICIT_LPTHREAD='-lpthread'
EXTRA_ASFLAGS=' -m64'
EXTRA_CFLAGS='-Wall -m64 -xc'
EXTRA_CXXFLAGS='-Wall -m64'
EXTRA_LDFLAGS=''
FGREP='/usr/bin/grep -F'
GREP='/usr/bin/grep'
INSTALL_DATA='${INSTALL} -m 644'
INSTALL_PROGRAM='${INSTALL}'
INSTALL_SCRIPT='${INSTALL}'
INSTALL_STRIP_PROGRAM='$(install_sh) -c -s'
LD='/usr/bin/ld -m elf_x86_64'
LDFLAGS=''
LDFLAG_RPATH='-Wl,-rpath='
LIBCONFIG_DEFINES=''
LIBOBJS=''
LIBS=''
LIBTOOL='$(SHELL) $(top_builddir)/libtool'
LIB_ARCH_SUFFIX='-${TARGET_ARCH}'
LIPO=''
LN_S='ln -s'
LTLIBOBJS=''
MAKEINFO='${SHELL} /home/louis/Desktop/Perso/M1_SESI/S2/Projet/RISC-V-project/bin/systemc-2.3.3/config/missing makeinfo'
MANIFEST_TOOL=':'
MKDIR_P='/usr/bin/mkdir -p'
NM='/usr/bin/nm -B'
NMEDIT=''
OBJDUMP='objdump'
OBJEXT='o'
OPT_CXXFLAGS='-O3'
OTOOL64=''
OTOOL=''
PACKAGE='systemc'
PACKAGE_BUGREPORT='http://forums.accellera.org/forum/9-systemc/'
PACKAGE_NAME='SystemC'
PACKAGE_STRING='SystemC 2.3.3'
PACKAGE_TARNAME='systemc'
PACKAGE_URL='http://accellera.org/'
PACKAGE_VERSION='2.3.3'
PATH_SEPARATOR=':'
PKGCONFIG_CFLAGS='-pthread'
PKGCONFIG_DEFINES=''
PKGCONFIG_LDPRIV=' -lpthread'
PTHREAD_CC='g++'
PTHREAD_CFLAGS='-pthread'
PTHREAD_LIBS=''
QT_ARCH='x86_64'
QT_ARCH_AARCH64_FALSE=''
QT_ARCH_AARCH64_TRUE='#'
QT_ARCH_HPPA_FALSE=''
QT_ARCH_HPPA_TRUE='#'
QT_ARCH_POWERPC_MACOSX_FALSE=''
QT_ARCH_POWERPC_MACOSX_TRUE='#'
QT_ARCH_SPARC_FALSE=''
QT_ARCH_SPARC_TRUE='#'
QT_ARCH_X86_64_FALSE='#'
QT_ARCH_X86_64_TRUE=''
QT_ARCH_X86_FALSE=''
QT_ARCH_X86_TRUE='#'
RANLIB='ranlib'
SED='/usr/bin/sed'
SEPARATE_BUILD_TREE_FALSE='#'
SEPARATE_BUILD_TREE_TRUE=''
SEPARATE_INSTALL_TREE_FALSE='#'
SEPARATE_INSTALL_TREE_TRUE=''
SET_MAKE=''
SHELL='/bin/bash'
STRIP='strip'
TARGET_ARCH='linux64'
TLM_PACKAGE_VERSION='2.0.5'
USES_PTHREADS_LIB_FALSE='#'
USES_PTHREADS_LIB_TRUE=''
VERSION='2.3.3'
WANT_DEBUG_FALSE=''
WANT_DEBUG_TRUE='#'
WANT_OPTIMIZE_FALSE='#'
WANT_OPTIMIZE_TRUE=''
WANT_PTHREADS_THREADS_FALSE=''
WANT_PTHREADS_THREADS_TRUE='#'
WANT_QT_THREADS_FALSE='#'
WANT_QT_THREADS_TRUE=''
ac_ct_AR='ar'
ac_ct_CC='g++'
ac_ct_CXX='g++'
ac_ct_DUMPBIN=''
am__EXEEXT_FALSE=''
am__EXEEXT_TRUE='#'
am__fastdepCCAS_FALSE='#'
am__fastdepCCAS_TRUE=''
am__fastdepCC_FALSE='#'
am__fastdepCC_TRUE=''
am__fastdepCXX_FALSE='#'
am__fastdepCXX_TRUE=''
am__include='include'
am__isrc=' -I$(srcdir)'
am__leading_dot='.'
am__nodep='_no'
am__quote=''
am__tar='tar --format=posix -chf - "$$tardir"'
am__untar='tar -xf -'
ax_pthread_config=''
bindir='${exec_prefix}/bin'
build='x86_64-unknown-linux-gnu'
build_alias=''
build_cpu='x86_64'
build_os='linux-gnu'
build_vendor='unknown'
datadir='${prefix}'
datarootdir='${prefix}'
docdir='${prefix}/docs'
dvidir='${docdir}'
examplesdir='${rootdocdir}/examples'
exec_prefix='${prefix}'
host='x86_64-unknown-linux-gnu'
host_alias=''
host_cpu='x86_64'
host_os='linux-gnu'
host_vendor='unknown'
htmldir='${docdir}'
includedir='${prefix}/include'
infodir='${datarootdir}/info'
install_sh='${SHELL} /home/louis/Desktop/Perso/M1_SESI/S2/Projet/RISC-V-project/bin/systemc-2.3.3/config/install-sh'
libarchdir='${libdir}${LIB_ARCH_SUFFIX}'
libdir='${exec_prefix}/lib'
libexecdir='${exec_prefix}/libexec'
localedir='${datarootdir}/locale'
localstatedir='${prefix}/var'
mandir='${datarootdir}/man'
mkdir_p='$(MKDIR_P)'
oldincludedir='/usr/include'
pdfdir='${docdir}'
prefix='/usr/local/systemc-2.3.3'
program_transform_name='s,x,x,'
psdir='${docdir}'
rootdocdir='${prefix}'
sbindir='${exec_prefix}/sbin'
sharedstatedir='${prefix}/com'
sysconfdir='${prefix}/etc'
target='x86_64-unknown-linux-gnu'
target_alias=''
target_cpu='x86_64'
target_os='linux-gnu'
target_vendor='unknown'

## ----------- ##
## confdefs.h. ##
## ----------- ##

/* confdefs.h */
#define PACKAGE_NAME "SystemC"
#define PACKAGE_TARNAME "systemc"
#define PACKAGE_VERSION "2.3.3"
#define PACKAGE_STRING "SystemC 2.3.3"
#define PACKAGE_BUGREPORT "http://forums.accellera.org/forum/9-systemc/"
#define PACKAGE_URL "http://accellera.org/"
#define HAVE_PTHREAD_PRIO_INHERIT 1
#define HAVE_PTHREAD 1
#define STDC_HEADERS 1
#define HAVE_SYS_TYPES_H 1
#define HAVE_SYS_STAT_H 1
#define HAVE_STDLIB_H 1
#define HAVE_STRING_H 1
#define HAVE_MEMORY_H 1
#define HAVE_STRINGS_H 1
#define HAVE_INTTYPES_H 1
#define HAVE_STDINT_H 1
#define HAVE_UNISTD_H 1
#define HAVE_DLFCN_H 1
#define LT_OBJDIR ".libs/"

configure: exit 0
